  [1m[35m (0.7ms)[0m  [1m[34mSELECT sqlite_version(*)[0m
  [1m[35m (0.2ms)[0m  [1m[34mSELECT "schema_migrations"."version" FROM "schema_migrations" ORDER BY "schema_migrations"."version" ASC[0m
  [1m[35m (0.2ms)[0m  [1m[34mSELECT "ar_internal_metadata"."value" FROM "ar_internal_metadata" WHERE "ar_internal_metadata"."key" = ?[0m  [["key", "environment"]]
  [1m[35m (0.1ms)[0m  [1m[34mSELECT "schema_migrations"."version" FROM "schema_migrations" ORDER BY "schema_migrations"."version" ASC[0m
  [1m[35m (0.1ms)[0m  [1m[34mSELECT "ar_internal_metadata"."value" FROM "ar_internal_metadata" WHERE "ar_internal_metadata"."key" = ?[0m  [["key", "environment"]]
  [1m[35m (0.1ms)[0m  [1m[34mSELECT "schema_migrations"."version" FROM "schema_migrations" ORDER BY "schema_migrations"."version" ASC[0m
  [1m[35m (0.1ms)[0m  [1m[34mSELECT "ar_internal_metadata"."value" FROM "ar_internal_metadata" WHERE "ar_internal_metadata"."key" = ?[0m  [["key", "environment"]]
  [1m[35m (0.7ms)[0m  [1m[34mSELECT sqlite_version(*)[0m
  [1m[35m (0.2ms)[0m  [1m[34mSELECT "schema_migrations"."version" FROM "schema_migrations" ORDER BY "schema_migrations"."version" ASC[0m
  [1m[35m (0.2ms)[0m  [1m[34mSELECT "ar_internal_metadata"."value" FROM "ar_internal_metadata" WHERE "ar_internal_metadata"."key" = ?[0m  [["key", "environment"]]
  [1m[35m (0.1ms)[0m  [1m[34mSELECT "schema_migrations"."version" FROM "schema_migrations" ORDER BY "schema_migrations"."version" ASC[0m
  [1m[35m (0.1ms)[0m  [1m[34mSELECT "ar_internal_metadata"."value" FROM "ar_internal_metadata" WHERE "ar_internal_metadata"."key" = ?[0m  [["key", "environment"]]
  [1m[35m (0.1ms)[0m  [1m[34mSELECT "schema_migrations"."version" FROM "schema_migrations" ORDER BY "schema_migrations"."version" ASC[0m
  [1m[35m (0.1ms)[0m  [1m[34mSELECT "ar_internal_metadata"."value" FROM "ar_internal_metadata" WHERE "ar_internal_metadata"."key" = ?[0m  [["key", "environment"]]
  [1m[35m (0.6ms)[0m  [1m[34mSELECT sqlite_version(*)[0m
  [1m[35m (0.1ms)[0m  [1m[34mSELECT sqlite_version(*)[0m
  [1m[35m (7.7ms)[0m  [1m[35mCREATE TABLE "schema_migrations" ("version" varchar NOT NULL PRIMARY KEY)[0m
  [1m[35m (3.2ms)[0m  [1m[35mCREATE TABLE "ar_internal_metadata" ("key" varchar NOT NULL PRIMARY KEY, "value" varchar, "created_at" datetime(6) NOT NULL, "updated_at" datetime(6) NOT NULL)[0m
  [1m[35m (0.2ms)[0m  [1m[34mSELECT "schema_migrations"."version" FROM "schema_migrations" ORDER BY "schema_migrations"."version" ASC[0m
Migrating to DeviseCreateUsers (20220306023544)
  [1m[36mTRANSACTION (0.1ms)[0m  [1m[36mbegin transaction[0m
  [1m[35m (0.9ms)[0m  [1m[35mCREATE TABLE "users" ("id" integer PRIMARY KEY AUTOINCREMENT NOT NULL, "email" varchar DEFAULT '' NOT NULL, "encrypted_password" varchar DEFAULT '' NOT NULL, "reset_password_token" varchar, "reset_password_sent_at" datetime, "remember_created_at" datetime, "created_at" datetime(6) NOT NULL, "updated_at" datetime(6) NOT NULL)[0m
  [1m[35m (0.4ms)[0m  [1m[35mCREATE UNIQUE INDEX "index_users_on_email" ON "users" ("email")[0m
  [1m[35m (0.3ms)[0m  [1m[35mCREATE UNIQUE INDEX "index_users_on_reset_password_token" ON "users" ("reset_password_token")[0m
  [1m[36mActiveRecord::SchemaMigration Create (0.1ms)[0m  [1m[32mINSERT INTO "schema_migrations" ("version") VALUES (?)[0m  [["version", "20220306023544"]]
  [1m[36mTRANSACTION (3.2ms)[0m  [1m[36mcommit transaction[0m
Migrating to CreateMessages (20220306024233)
  [1m[36mTRANSACTION (0.1ms)[0m  [1m[36mbegin transaction[0m
  [1m[35m (1.8ms)[0m  [1m[35mCREATE TABLE "messages" ("id" integer PRIMARY KEY AUTOINCREMENT NOT NULL, "user_id" integer NOT NULL, "content" text NOT NULL, "created_at" datetime(6) NOT NULL, "updated_at" datetime(6) NOT NULL)[0m
  [1m[36mActiveRecord::SchemaMigration Create (0.2ms)[0m  [1m[32mINSERT INTO "schema_migrations" ("version") VALUES (?)[0m  [["version", "20220306024233"]]
  [1m[36mTRANSACTION (2.2ms)[0m  [1m[36mcommit transaction[0m
  [1m[36mActiveRecord::InternalMetadata Load (0.2ms)[0m  [1m[34mSELECT "ar_internal_metadata".* FROM "ar_internal_metadata" WHERE "ar_internal_metadata"."key" = ? LIMIT ?[0m  [["key", "environment"], ["LIMIT", 1]]
  [1m[36mTRANSACTION (0.1ms)[0m  [1m[36mbegin transaction[0m
  [1m[36mActiveRecord::InternalMetadata Create (1.1ms)[0m  [1m[32mINSERT INTO "ar_internal_metadata" ("key", "value", "created_at", "updated_at") VALUES (?, ?, ?, ?)[0m  [["key", "environment"], ["value", "development"], ["created_at", "2022-03-06 07:45:31.278313"], ["updated_at", "2022-03-06 07:45:31.278313"]]
  [1m[36mTRANSACTION (4.1ms)[0m  [1m[36mcommit transaction[0m
  [1m[35m (0.1ms)[0m  [1m[34mSELECT sqlite_version(*)[0m
  [1m[35m (0.2ms)[0m  [1m[34mSELECT "schema_migrations"."version" FROM "schema_migrations" ORDER BY "schema_migrations"."version" ASC[0m
Started GET "/users/sign_in" for ::1 at 2022-03-06 16:45:48 +0900
  [1m[35m (0.7ms)[0m  [1m[34mSELECT sqlite_version(*)[0m
  [1m[35m (1.0ms)[0m  [1m[34mSELECT "schema_migrations"."version" FROM "schema_migrations" ORDER BY "schema_migrations"."version" ASC[0m
Processing by Devise::SessionsController#new as HTML
  Rendering layout layouts/application.html.erb
  Rendering C:/Ruby30-x64/lib/ruby/gems/3.0.0/gems/devise-bootstrap-views-1.1.0/app/views/devise/sessions/new.html.erb within layouts/application
  Rendered C:/Ruby30-x64/lib/ruby/gems/3.0.0/gems/devise-bootstrap-views-1.1.0/app/views/devise/shared/_links.html.erb (Duration: 1.3ms | Allocations: 821)
  Rendered C:/Ruby30-x64/lib/ruby/gems/3.0.0/gems/devise-bootstrap-views-1.1.0/app/views/devise/sessions/new.html.erb within layouts/application (Duration: 745.8ms | Allocations: 325878)
[Webpacker] Everything's up-to-date. Nothing to do
  Rendered shared/_header.html.erb (Duration: 2.1ms | Allocations: 500)
  Rendered layout layouts/application.html.erb (Duration: 894.0ms | Allocations: 343373)
Completed 200 OK in 926ms (Views: 910.6ms | ActiveRecord: 0.6ms | Allocations: 352788)


Started POST "/users/sign_in" for ::1 at 2022-03-06 16:45:51 +0900
Processing by Devise::SessionsController#create as HTML
  Parameters: {"authenticity_token"=>"[FILTERED]", "user"=>{"email"=>"test1@example.com", "password"=>"[FILTERED]", "remember_me"=>"0"}, "commit"=>"ãƒ­ã‚°ã‚¤ãƒ³"}
  [1m[36mUser Load (0.2ms)[0m  [1m[34mSELECT "users".* FROM "users" WHERE "users"."email" = ? ORDER BY "users"."id" ASC LIMIT ?[0m  [["email", "test1@example.com"], ["LIMIT", 1]]
Completed 401 Unauthorized in 14ms (ActiveRecord: 0.2ms | Allocations: 2838)


Processing by Devise::SessionsController#new as HTML
  Parameters: {"authenticity_token"=>"[FILTERED]", "user"=>{"email"=>"test1@example.com", "password"=>"[FILTERED]", "remember_me"=>"0"}, "commit"=>"ãƒ­ã‚°ã‚¤ãƒ³"}
  Rendering layout layouts/application.html.erb
  Rendering C:/Ruby30-x64/lib/ruby/gems/3.0.0/gems/devise-bootstrap-views-1.1.0/app/views/devise/sessions/new.html.erb within layouts/application
  Rendered C:/Ruby30-x64/lib/ruby/gems/3.0.0/gems/devise-bootstrap-views-1.1.0/app/views/devise/shared/_links.html.erb (Duration: 0.5ms | Allocations: 211)
  Rendered C:/Ruby30-x64/lib/ruby/gems/3.0.0/gems/devise-bootstrap-views-1.1.0/app/views/devise/sessions/new.html.erb within layouts/application (Duration: 3.6ms | Allocations: 1230)
[Webpacker] Everything's up-to-date. Nothing to do
  Rendered shared/_header.html.erb (Duration: 0.5ms | Allocations: 131)
  Rendered layout layouts/application.html.erb (Duration: 73.7ms | Allocations: 9142)
Completed 200 OK in 343ms (Views: 76.2ms | ActiveRecord: 0.0ms | Allocations: 10684)


Started POST "/users/sign_in" for ::1 at 2022-03-06 16:45:56 +0900
Processing by Devise::SessionsController#create as HTML
  Parameters: {"authenticity_token"=>"[FILTERED]", "user"=>{"email"=>"test1@example.com", "password"=>"[FILTERED]", "remember_me"=>"0"}, "commit"=>"ãƒ­ã‚°ã‚¤ãƒ³"}
  [1m[36mUser Load (0.3ms)[0m  [1m[34mSELECT "users".* FROM "users" WHERE "users"."email" = ? ORDER BY "users"."id" ASC LIMIT ?[0m  [["email", "test1@example.com"], ["LIMIT", 1]]
Completed 401 Unauthorized in 4ms (ActiveRecord: 0.3ms | Allocations: 1796)


Processing by Devise::SessionsController#new as HTML
  Parameters: {"authenticity_token"=>"[FILTERED]", "user"=>{"email"=>"test1@example.com", "password"=>"[FILTERED]", "remember_me"=>"0"}, "commit"=>"ãƒ­ã‚°ã‚¤ãƒ³"}
  Rendering layout layouts/application.html.erb
  Rendering C:/Ruby30-x64/lib/ruby/gems/3.0.0/gems/devise-bootstrap-views-1.1.0/app/views/devise/sessions/new.html.erb within layouts/application
  Rendered C:/Ruby30-x64/lib/ruby/gems/3.0.0/gems/devise-bootstrap-views-1.1.0/app/views/devise/shared/_links.html.erb (Duration: 0.3ms | Allocations: 195)
  Rendered C:/Ruby30-x64/lib/ruby/gems/3.0.0/gems/devise-bootstrap-views-1.1.0/app/views/devise/sessions/new.html.erb within layouts/application (Duration: 2.2ms | Allocations: 1085)
[Webpacker] Everything's up-to-date. Nothing to do
  Rendered shared/_header.html.erb (Duration: 0.6ms | Allocations: 127)
  Rendered layout layouts/application.html.erb (Duration: 76.2ms | Allocations: 8842)
Completed 200 OK in 283ms (Views: 77.7ms | ActiveRecord: 0.0ms | Allocations: 9530)


Started POST "/users/sign_in" for ::1 at 2022-03-06 16:45:58 +0900
Processing by Devise::SessionsController#create as HTML
  Parameters: {"authenticity_token"=>"[FILTERED]", "user"=>{"email"=>"test1@example.com", "password"=>"[FILTERED]", "remember_me"=>"0"}, "commit"=>"ãƒ­ã‚°ã‚¤ãƒ³"}
  [1m[36mUser Load (0.2ms)[0m  [1m[34mSELECT "users".* FROM "users" WHERE "users"."email" = ? ORDER BY "users"."id" ASC LIMIT ?[0m  [["email", "test1@example.com"], ["LIMIT", 1]]
Completed 401 Unauthorized in 2ms (ActiveRecord: 0.2ms | Allocations: 1577)


Processing by Devise::SessionsController#new as HTML
  Parameters: {"authenticity_token"=>"[FILTERED]", "user"=>{"email"=>"test1@example.com", "password"=>"[FILTERED]", "remember_me"=>"0"}, "commit"=>"ãƒ­ã‚°ã‚¤ãƒ³"}
  Rendering layout layouts/application.html.erb
  Rendering C:/Ruby30-x64/lib/ruby/gems/3.0.0/gems/devise-bootstrap-views-1.1.0/app/views/devise/sessions/new.html.erb within layouts/application
  Rendered C:/Ruby30-x64/lib/ruby/gems/3.0.0/gems/devise-bootstrap-views-1.1.0/app/views/devise/shared/_links.html.erb (Duration: 0.2ms | Allocations: 195)
  Rendered C:/Ruby30-x64/lib/ruby/gems/3.0.0/gems/devise-bootstrap-views-1.1.0/app/views/devise/sessions/new.html.erb within layouts/application (Duration: 2.3ms | Allocations: 1085)
[Webpacker] Everything's up-to-date. Nothing to do
  Rendered shared/_header.html.erb (Duration: 0.6ms | Allocations: 127)
  Rendered layout layouts/application.html.erb (Duration: 75.8ms | Allocations: 8839)
Completed 200 OK in 282ms (Views: 77.0ms | ActiveRecord: 0.0ms | Allocations: 9510)


Started POST "/users/sign_in" for ::1 at 2022-03-06 16:45:59 +0900
Processing by Devise::SessionsController#create as HTML
  Parameters: {"authenticity_token"=>"[FILTERED]", "user"=>{"email"=>"test1@example.com", "password"=>"[FILTERED]", "remember_me"=>"0"}, "commit"=>"ãƒ­ã‚°ã‚¤ãƒ³"}
  [1m[36mUser Load (0.2ms)[0m  [1m[34mSELECT "users".* FROM "users" WHERE "users"."email" = ? ORDER BY "users"."id" ASC LIMIT ?[0m  [["email", "test1@example.com"], ["LIMIT", 1]]
Completed 401 Unauthorized in 3ms (ActiveRecord: 0.2ms | Allocations: 1577)


Processing by Devise::SessionsController#new as HTML
  Parameters: {"authenticity_token"=>"[FILTERED]", "user"=>{"email"=>"test1@example.com", "password"=>"[FILTERED]", "remember_me"=>"0"}, "commit"=>"ãƒ­ã‚°ã‚¤ãƒ³"}
  Rendering layout layouts/application.html.erb
  Rendering C:/Ruby30-x64/lib/ruby/gems/3.0.0/gems/devise-bootstrap-views-1.1.0/app/views/devise/sessions/new.html.erb within layouts/application
  Rendered C:/Ruby30-x64/lib/ruby/gems/3.0.0/gems/devise-bootstrap-views-1.1.0/app/views/devise/shared/_links.html.erb (Duration: 0.2ms | Allocations: 195)
  Rendered C:/Ruby30-x64/lib/ruby/gems/3.0.0/gems/devise-bootstrap-views-1.1.0/app/views/devise/sessions/new.html.erb within layouts/application (Duration: 2.3ms | Allocations: 1085)
[Webpacker] Everything's up-to-date. Nothing to do
  Rendered shared/_header.html.erb (Duration: 0.3ms | Allocations: 127)
  Rendered layout layouts/application.html.erb (Duration: 58.4ms | Allocations: 8839)
Completed 200 OK in 266ms (Views: 60.5ms | ActiveRecord: 0.0ms | Allocations: 9510)


Started GET "/users/password/new" for ::1 at 2022-03-06 16:46:05 +0900
Processing by Devise::PasswordsController#new as HTML
  Rendering layout layouts/application.html.erb
  Rendering C:/Ruby30-x64/lib/ruby/gems/3.0.0/gems/devise-bootstrap-views-1.1.0/app/views/devise/passwords/new.html.erb within layouts/application
  Rendered C:/Ruby30-x64/lib/ruby/gems/3.0.0/gems/devise-bootstrap-views-1.1.0/app/views/devise/shared/_links.html.erb (Duration: 0.4ms | Allocations: 269)
  Rendered C:/Ruby30-x64/lib/ruby/gems/3.0.0/gems/devise-bootstrap-views-1.1.0/app/views/devise/passwords/new.html.erb within layouts/application (Duration: 13.0ms | Allocations: 1291)
[Webpacker] Everything's up-to-date. Nothing to do
  Rendered shared/_header.html.erb (Duration: 0.3ms | Allocations: 188)
  Rendered layout layouts/application.html.erb (Duration: 78.0ms | Allocations: 9272)
Completed 200 OK in 88ms (Views: 84.7ms | ActiveRecord: 0.0ms | Allocations: 11145)


Started POST "/users/sign_in" for ::1 at 2022-03-06 16:46:08 +0900
Processing by Devise::SessionsController#create as HTML
  Parameters: {"authenticity_token"=>"[FILTERED]", "user"=>{"email"=>"test1@example.com", "password"=>"[FILTERED]", "remember_me"=>"0"}, "commit"=>"ãƒ­ã‚°ã‚¤ãƒ³"}
  [1m[36mUser Load (0.2ms)[0m  [1m[34mSELECT "users".* FROM "users" WHERE "users"."email" = ? ORDER BY "users"."id" ASC LIMIT ?[0m  [["email", "test1@example.com"], ["LIMIT", 1]]
Completed 401 Unauthorized in 3ms (ActiveRecord: 0.2ms | Allocations: 1777)


Processing by Devise::SessionsController#new as HTML
  Parameters: {"authenticity_token"=>"[FILTERED]", "user"=>{"email"=>"test1@example.com", "password"=>"[FILTERED]", "remember_me"=>"0"}, "commit"=>"ãƒ­ã‚°ã‚¤ãƒ³"}
  Rendering layout layouts/application.html.erb
  Rendering C:/Ruby30-x64/lib/ruby/gems/3.0.0/gems/devise-bootstrap-views-1.1.0/app/views/devise/sessions/new.html.erb within layouts/application
  Rendered C:/Ruby30-x64/lib/ruby/gems/3.0.0/gems/devise-bootstrap-views-1.1.0/app/views/devise/shared/_links.html.erb (Duration: 0.3ms | Allocations: 195)
  Rendered C:/Ruby30-x64/lib/ruby/gems/3.0.0/gems/devise-bootstrap-views-1.1.0/app/views/devise/sessions/new.html.erb within layouts/application (Duration: 2.5ms | Allocations: 1091)
[Webpacker] Everything's up-to-date. Nothing to do
  Rendered shared/_header.html.erb (Duration: 0.5ms | Allocations: 127)
  Rendered layout layouts/application.html.erb (Duration: 79.2ms | Allocations: 8845)
Completed 200 OK in 287ms (Views: 81.7ms | ActiveRecord: 0.0ms | Allocations: 9565)


  [1m[35m (0.6ms)[0m  [1m[34mSELECT sqlite_version(*)[0m
  [1m[35m (0.2ms)[0m  [1m[34mSELECT "schema_migrations"."version" FROM "schema_migrations" ORDER BY "schema_migrations"."version" ASC[0m
  [1m[35m (0.1ms)[0m  [1m[34mSELECT sqlite_version(*)[0m
  [1m[36mTRANSACTION (0.0ms)[0m  [1m[36mbegin transaction[0m
  [1m[36mUser Load (0.1ms)[0m  [1m[34mSELECT "users".* FROM "users" WHERE "users"."email" = ? LIMIT ?[0m  [["email", "test1@example.com"], ["LIMIT", 1]]
  [1m[36mUser Exists? (0.1ms)[0m  [1m[34mSELECT 1 AS one FROM "users" WHERE "users"."email" = ? LIMIT ?[0m  [["email", "test1@example.com"], ["LIMIT", 1]]
  [1m[36mUser Create (3.2ms)[0m  [1m[32mINSERT INTO "users" ("email", "encrypted_password", "created_at", "updated_at") VALUES (?, ?, ?, ?)[0m  [["email", "test1@example.com"], ["encrypted_password", "$2a$12$ilrDInNqj2j2EWfjwP90a.IThHWceP/GdsjZ3D91ilgPeeAeuRCrS"], ["created_at", "2022-03-06 07:47:24.469516"], ["updated_at", "2022-03-06 07:47:24.469516"]]
  [1m[36mUser Load (0.0ms)[0m  [1m[34mSELECT "users".* FROM "users" WHERE "users"."email" = ? LIMIT ?[0m  [["email", "test2@example.com"], ["LIMIT", 1]]
  [1m[36mUser Exists? (0.1ms)[0m  [1m[34mSELECT 1 AS one FROM "users" WHERE "users"."email" = ? LIMIT ?[0m  [["email", "test2@example.com"], ["LIMIT", 1]]
  [1m[36mUser Create (0.1ms)[0m  [1m[32mINSERT INTO "users" ("email", "encrypted_password", "created_at", "updated_at") VALUES (?, ?, ?, ?)[0m  [["email", "test2@example.com"], ["encrypted_password", "$2a$12$1zyRts2L9nA9f4PzeoKFge2z64pzONQhsSDvyYOMivGrAzmTDvajG"], ["created_at", "2022-03-06 07:47:24.681264"], ["updated_at", "2022-03-06 07:47:24.681264"]]
  [1m[36mUser Load (0.0ms)[0m  [1m[34mSELECT "users".* FROM "users" WHERE "users"."email" = ? LIMIT ?[0m  [["email", "test3@example.com"], ["LIMIT", 1]]
  [1m[36mUser Exists? (0.1ms)[0m  [1m[34mSELECT 1 AS one FROM "users" WHERE "users"."email" = ? LIMIT ?[0m  [["email", "test3@example.com"], ["LIMIT", 1]]
  [1m[36mUser Create (0.1ms)[0m  [1m[32mINSERT INTO "users" ("email", "encrypted_password", "created_at", "updated_at") VALUES (?, ?, ?, ?)[0m  [["email", "test3@example.com"], ["encrypted_password", "$2a$12$P5D5Eo1s.Wwla5uyBp5Xg.VNaFQMDMWLtjOLTqW1Odv8XuvVdQsZO"], ["created_at", "2022-03-06 07:47:24.888603"], ["updated_at", "2022-03-06 07:47:24.888603"]]
  [1m[36mMessage Load (0.1ms)[0m  [1m[34mSELECT "messages".* FROM "messages"[0m
  [1m[35m (0.1ms)[0m  [1m[34mSELECT "users"."id" FROM "users"[0m
  [1m[36mUser Load (0.1ms)[0m  [1m[34mSELECT "users".* FROM "users" WHERE "users"."id" = ? LIMIT ?[0m  [["id", 2], ["LIMIT", 1]]
  [1m[36mMessage Create (0.2ms)[0m  [1m[32mINSERT INTO "messages" ("user_id", "content", "created_at", "updated_at") VALUES (?, ?, ?, ?)[0m  [["user_id", 2], ["content", "æ±Ÿæˆ¸ãã‚“ã–ã„ã‹ã‚“ã‚Šã‚‡ã†ã¦ãã€‚ã„ãå¥‡è¥²ãªã„ã—ã‚‡ã°ãªã—ã€‚é–“éš”ç‹¬è£ã¿ãªã‚‚ã¨ã€‚\nã‚„ã—ãªã†æ–½è¡Œç·æ‹¬ã€‚ã‹ã‚“ãœã‚“ã“ããµãã™ã‚‹æ†‚ã„ã€‚é‹ã¶æ•‘æ€¥è»Šã¿ã¤ã€‚\nã“ãã¿ã‚“å¼±è™«ã‚€ã‚‰ã•ãã„ã‚ã€‚è©•ä¾¡ã›ã„ã˜ã‚‡ã†ã—ã—ã‚‡ãã€‚æš´åŠ›æµ…ã„æ ¸å®Ÿé¨“ã€‚\nã¯ãªã¯ã è¯ã‚„ã‹ã‚ãŠã„ã€‚ç±³å›½ãã‚ãæã€‚æˆ¦æ²¡ã˜ã£ã‹ã‚“ã¡ãŒã„ã€‚"], ["created_at", "2022-03-06 07:47:25.533788"], ["updated_at", "2022-03-06 07:47:25.533788"]]
  [1m[36mUser Load (0.0ms)[0m  [1m[34mSELECT "users".* FROM "users" WHERE "users"."id" = ? LIMIT ?[0m  [["id", 3], ["LIMIT", 1]]
  [1m[36mMessage Create (0.1ms)[0m  [1m[32mINSERT INTO "messages" ("user_id", "content", "created_at", "updated_at") VALUES (?, ?, ?, ?)[0m  [["user_id", 3], ["content", "å®œã—ãå‰²ã‚Šç®¸ãšã„ã¶ã‚“ã€‚ãŠã‹ã­å‘³å™Œæ´»ç”¨ã€‚ä¼çµ±çµ¹ç³¸ä¸¼ã€‚\nã‚Šã‚…ã†ã“ã†ã”ç–¾èµ°è¡€æ¶²ã€‚ã‚„ã—ãªã†å ±ã˜ã‚‹æµ¸ã™ã€‚ä¿µä¸Šæ‰‹æš‡ã€‚"], ["created_at", "2022-03-06 07:47:25.536494"], ["updated_at", "2022-03-06 07:47:25.536494"]]
  [1m[36mUser Load (0.0ms)[0m  [1m[34mSELECT "users".* FROM "users" WHERE "users"."id" = ? LIMIT ?[0m  [["id", 2], ["LIMIT", 1]]
  [1m[36mMessage Create (0.1ms)[0m  [1m[32mINSERT INTO "messages" ("user_id", "content", "created_at", "updated_at") VALUES (?, ?, ?, ?)[0m  [["user_id", 2], ["content", "æžœæ¨¹é˜²çŠ¯ç¤Žã€‚å£®å¹´è„±ç¨Žã“ã†ã›ã„ã€‚åŒãŠã¨ã¨ã„ãµã•ã„ã€‚\nãã‚‡ã†ã‹ã„æŒ‡ç´‹ã„ã˜ã‚“ã€‚ã‹ã„ãžãã›ã‚“ãŸãã™ã‚‹é‡ã€‚é–“éš”æ³³ãé«˜å€¤ã€‚\nå»ƒå¢Ÿè¯ã‚„ã‹çŠ ç‰²ã€‚è¯ã‚„ã‹ã¿ãªã¨ã¼ã†ãšã€‚å–œåŠ‡ã‘ã„ã‘ã‚“ã—ã‚ƒåˆ‡è¿«ã€‚\nç‰¹æ®Šå¸Œæœ›ã™ã‚‹ã“ã†ã›ã„ã€‚è¦ªåˆ‡ã—ãšã‚€ãã‚…ã†ã‚Šã‚‡ã†ã€‚ã˜ã‚‡ã†ã ã‚“ã‹ãŸã¿ã¡ä¸å¥åº·ã€‚"], ["created_at", "2022-03-06 07:47:25.538517"], ["updated_at", "2022-03-06 07:47:25.538517"]]
  [1m[36mTRANSACTION (3.3ms)[0m  [1m[36mcommit transaction[0m
Started GET "/users/sign_in" for ::1 at 2022-03-06 16:47:35 +0900
  [1m[35m (0.4ms)[0m  [1m[34mSELECT sqlite_version(*)[0m
  [1m[35m (0.1ms)[0m  [1m[34mSELECT "schema_migrations"."version" FROM "schema_migrations" ORDER BY "schema_migrations"."version" ASC[0m
Processing by Devise::SessionsController#new as HTML
  Rendering layout layouts/application.html.erb
  Rendering C:/Ruby30-x64/lib/ruby/gems/3.0.0/gems/devise-bootstrap-views-1.1.0/app/views/devise/sessions/new.html.erb within layouts/application
  Rendered C:/Ruby30-x64/lib/ruby/gems/3.0.0/gems/devise-bootstrap-views-1.1.0/app/views/devise/shared/_links.html.erb (Duration: 1.1ms | Allocations: 821)
  Rendered C:/Ruby30-x64/lib/ruby/gems/3.0.0/gems/devise-bootstrap-views-1.1.0/app/views/devise/sessions/new.html.erb within layouts/application (Duration: 634.9ms | Allocations: 325877)
[Webpacker] Everything's up-to-date. Nothing to do
  Rendered shared/_header.html.erb (Duration: 0.8ms | Allocations: 500)
  Rendered layout layouts/application.html.erb (Duration: 763.7ms | Allocations: 343499)
Completed 200 OK in 790ms (Views: 777.0ms | ActiveRecord: 0.6ms | Allocations: 352906)


Started POST "/users/sign_in" for ::1 at 2022-03-06 16:47:38 +0900
Processing by Devise::SessionsController#create as HTML
  Parameters: {"authenticity_token"=>"[FILTERED]", "user"=>{"email"=>"test1@example.com", "password"=>"[FILTERED]", "remember_me"=>"0"}, "commit"=>"ãƒ­ã‚°ã‚¤ãƒ³"}
  [1m[36mUser Load (0.3ms)[0m  [1m[34mSELECT "users".* FROM "users" WHERE "users"."email" = ? ORDER BY "users"."id" ASC LIMIT ?[0m  [["email", "test1@example.com"], ["LIMIT", 1]]
Redirected to http://localhost:3000/
Completed 302 Found in 239ms (ActiveRecord: 0.3ms | Allocations: 6608)


Started GET "/" for ::1 at 2022-03-06 16:47:38 +0900
Processing by RoomsController#show as HTML
  [1m[36mUser Load (0.3ms)[0m  [1m[34mSELECT "users".* FROM "users" WHERE "users"."id" = ? ORDER BY "users"."id" ASC LIMIT ?[0m  [["id", 1], ["LIMIT", 1]]
  Rendering layout layouts/application.html.erb
  Rendering rooms/show.html.erb within layouts/application
  [1m[36mMessage Load (0.2ms)[0m  [1m[34mSELECT "messages".* FROM "messages" ORDER BY "messages"."id" ASC[0m
  â†³ app/views/rooms/show.html.erb:2
  [1m[36mUser Load (0.4ms)[0m  [1m[34mSELECT "users".* FROM "users" WHERE "users"."id" IN (?, ?)[0m  [["id", 2], ["id", 3]]
  â†³ app/views/rooms/show.html.erb:2
  Rendered collection of messages/_message.html.erb [3 times] (Duration: 15.9ms | Allocations: 1266)
  Rendered rooms/_footer.html.erb (Duration: 1.8ms | Allocations: 831)
  Rendered rooms/show.html.erb within layouts/application (Duration: 28.2ms | Allocations: 5596)
[Webpacker] Everything's up-to-date. Nothing to do
  Rendered shared/_header.html.erb (Duration: 0.2ms | Allocations: 149)
  Rendered layout layouts/application.html.erb (Duration: 89.0ms | Allocations: 13487)
Completed 200 OK in 114ms (Views: 93.8ms | ActiveRecord: 1.7ms | Allocations: 24523)


Started GET "/cable" for ::1 at 2022-03-06 16:47:39 +0900
Started GET "/cable/" [WebSocket] for ::1 at 2022-03-06 16:47:39 +0900
Successfully upgraded to WebSocket (REQUEST_METHOD: GET, HTTP_CONNECTION: Upgrade, HTTP_UPGRADE: websocket)
RoomChannel is transmitting the subscription confirmation
RoomChannel is streaming from room_channel
  [1m[35m (0.6ms)[0m  [1m[34mSELECT sqlite_version(*)[0m
  [1m[35m (0.0ms)[0m  [1m[34mSELECT sqlite_version(*)[0m
  [1m[35m (4.6ms)[0m  [1m[35mCREATE TABLE "schema_migrations" ("version" varchar NOT NULL PRIMARY KEY)[0m
  [1m[35m (3.4ms)[0m  [1m[35mCREATE TABLE "ar_internal_metadata" ("key" varchar NOT NULL PRIMARY KEY, "value" varchar, "created_at" datetime(6) NOT NULL, "updated_at" datetime(6) NOT NULL)[0m
  [1m[35m (0.2ms)[0m  [1m[34mSELECT "schema_migrations"."version" FROM "schema_migrations" ORDER BY "schema_migrations"."version" ASC[0m
Migrating to DeviseCreateUsers (20220306023544)
  [1m[36mTRANSACTION (0.1ms)[0m  [1m[36mbegin transaction[0m
  [1m[35m (2.1ms)[0m  [1m[35mCREATE TABLE "users" ("id" integer PRIMARY KEY AUTOINCREMENT NOT NULL, "email" varchar DEFAULT '' NOT NULL, "encrypted_password" varchar DEFAULT '' NOT NULL, "reset_password_token" varchar, "reset_password_sent_at" datetime, "remember_created_at" datetime, "created_at" datetime(6) NOT NULL, "updated_at" datetime(6) NOT NULL)[0m
  [1m[35m (0.2ms)[0m  [1m[35mCREATE UNIQUE INDEX "index_users_on_email" ON "users" ("email")[0m
  [1m[35m (0.2ms)[0m  [1m[35mCREATE UNIQUE INDEX "index_users_on_reset_password_token" ON "users" ("reset_password_token")[0m
  [1m[36mActiveRecord::SchemaMigration Create (0.2ms)[0m  [1m[32mINSERT INTO "schema_migrations" ("version") VALUES (?)[0m  [["version", "20220306023544"]]
  [1m[36mTRANSACTION (3.1ms)[0m  [1m[36mcommit transaction[0m
Migrating to CreateMessages (20220306024233)
  [1m[36mTRANSACTION (0.1ms)[0m  [1m[36mbegin transaction[0m
  [1m[35m (0.8ms)[0m  [1m[35mCREATE TABLE "messages" ("id" integer PRIMARY KEY AUTOINCREMENT NOT NULL, "user_id" integer NOT NULL, "content" text NOT NULL, "created_at" datetime(6) NOT NULL, "updated_at" datetime(6) NOT NULL)[0m
  [1m[36mActiveRecord::SchemaMigration Create (0.1ms)[0m  [1m[32mINSERT INTO "schema_migrations" ("version") VALUES (?)[0m  [["version", "20220306024233"]]
  [1m[36mTRANSACTION (2.4ms)[0m  [1m[36mcommit transaction[0m
  [1m[36mActiveRecord::InternalMetadata Load (0.4ms)[0m  [1m[34mSELECT "ar_internal_metadata".* FROM "ar_internal_metadata" WHERE "ar_internal_metadata"."key" = ? LIMIT ?[0m  [["key", "environment"], ["LIMIT", 1]]
  [1m[36mTRANSACTION (0.1ms)[0m  [1m[36mbegin transaction[0m
  [1m[36mActiveRecord::InternalMetadata Create (1.0ms)[0m  [1m[32mINSERT INTO "ar_internal_metadata" ("key", "value", "created_at", "updated_at") VALUES (?, ?, ?, ?)[0m  [["key", "environment"], ["value", "development"], ["created_at", "2022-03-06 07:49:03.018118"], ["updated_at", "2022-03-06 07:49:03.018118"]]
  [1m[36mTRANSACTION (3.1ms)[0m  [1m[36mcommit transaction[0m
  [1m[35m (0.1ms)[0m  [1m[34mSELECT sqlite_version(*)[0m
  [1m[35m (0.1ms)[0m  [1m[34mSELECT "schema_migrations"."version" FROM "schema_migrations" ORDER BY "schema_migrations"."version" ASC[0m
  [1m[35m (0.5ms)[0m  [1m[34mSELECT sqlite_version(*)[0m
  [1m[35m (0.2ms)[0m  [1m[34mSELECT "schema_migrations"."version" FROM "schema_migrations" ORDER BY "schema_migrations"."version" ASC[0m
  [1m[35m (0.1ms)[0m  [1m[34mSELECT sqlite_version(*)[0m
  [1m[36mTRANSACTION (0.0ms)[0m  [1m[36mbegin transaction[0m
  [1m[36mUser Load (0.1ms)[0m  [1m[34mSELECT "users".* FROM "users" WHERE "users"."email" = ? LIMIT ?[0m  [["email", "test1@example.com"], ["LIMIT", 1]]
  [1m[36mUser Exists? (0.1ms)[0m  [1m[34mSELECT 1 AS one FROM "users" WHERE "users"."email" = ? LIMIT ?[0m  [["email", "test1@example.com"], ["LIMIT", 1]]
  [1m[36mUser Create (2.5ms)[0m  [1m[32mINSERT INTO "users" ("email", "encrypted_password", "created_at", "updated_at") VALUES (?, ?, ?, ?)[0m  [["email", "test1@example.com"], ["encrypted_password", "$2a$12$p6F2ViJQ9A0o7z/RLlZW2e5TPfZYbS/48IVXBGZHXr37h0bvrPcxW"], ["created_at", "2022-03-06 07:49:35.829875"], ["updated_at", "2022-03-06 07:49:35.829875"]]
  [1m[36mUser Load (0.1ms)[0m  [1m[34mSELECT "users".* FROM "users" WHERE "users"."email" = ? LIMIT ?[0m  [["email", "test2@example.com"], ["LIMIT", 1]]
  [1m[36mUser Exists? (0.1ms)[0m  [1m[34mSELECT 1 AS one FROM "users" WHERE "users"."email" = ? LIMIT ?[0m  [["email", "test2@example.com"], ["LIMIT", 1]]
  [1m[36mUser Create (0.1ms)[0m  [1m[32mINSERT INTO "users" ("email", "encrypted_password", "created_at", "updated_at") VALUES (?, ?, ?, ?)[0m  [["email", "test2@example.com"], ["encrypted_password", "$2a$12$BU1G8tad274TZn7wUfEdJ.KKnRTiC3SaQ84qt/5kmXKy0KK/q9nxa"], ["created_at", "2022-03-06 07:49:36.041671"], ["updated_at", "2022-03-06 07:49:36.041671"]]
  [1m[36mUser Load (0.0ms)[0m  [1m[34mSELECT "users".* FROM "users" WHERE "users"."email" = ? LIMIT ?[0m  [["email", "test3@example.com"], ["LIMIT", 1]]
  [1m[36mUser Exists? (0.1ms)[0m  [1m[34mSELECT 1 AS one FROM "users" WHERE "users"."email" = ? LIMIT ?[0m  [["email", "test3@example.com"], ["LIMIT", 1]]
  [1m[36mUser Create (0.1ms)[0m  [1m[32mINSERT INTO "users" ("email", "encrypted_password", "created_at", "updated_at") VALUES (?, ?, ?, ?)[0m  [["email", "test3@example.com"], ["encrypted_password", "$2a$12$Js0xSNk92ucMhYmBMqolYOT3ftB2gQDR4HpaXwMOn21xDuC8LjgNa"], ["created_at", "2022-03-06 07:49:36.249409"], ["updated_at", "2022-03-06 07:49:36.249409"]]
  [1m[36mTRANSACTION (3.8ms)[0m  [1m[36mcommit transaction[0m
Started GET "/cable" for ::1 at 2022-03-06 16:49:43 +0900
  [1m[35m (0.5ms)[0m  [1m[34mSELECT sqlite_version(*)[0m
  [1m[35m (0.1ms)[0m  [1m[34mSELECT "schema_migrations"."version" FROM "schema_migrations" ORDER BY "schema_migrations"."version" ASC[0m
Started GET "/cable/" [WebSocket] for ::1 at 2022-03-06 16:49:43 +0900
Successfully upgraded to WebSocket (REQUEST_METHOD: GET, HTTP_CONNECTION: Upgrade, HTTP_UPGRADE: websocket)
RoomChannel is transmitting the subscription confirmation
RoomChannel is streaming from room_channel
Started GET "/" for ::1 at 2022-03-06 16:49:44 +0900
Processing by RoomsController#show as HTML
  [1m[36mUser Load (0.2ms)[0m  [1m[34mSELECT "users".* FROM "users" WHERE "users"."id" = ? ORDER BY "users"."id" ASC LIMIT ?[0m  [["id", 1], ["LIMIT", 1]]
Completed 401 Unauthorized in 18ms (ActiveRecord: 0.8ms | Allocations: 8809)


Started GET "/users/sign_in" for ::1 at 2022-03-06 16:49:44 +0900
Processing by Devise::SessionsController#new as HTML
  Rendering layout layouts/application.html.erb
  Rendering C:/Ruby30-x64/lib/ruby/gems/3.0.0/gems/devise-bootstrap-views-1.1.0/app/views/devise/sessions/new.html.erb within layouts/application
  Rendered C:/Ruby30-x64/lib/ruby/gems/3.0.0/gems/devise-bootstrap-views-1.1.0/app/views/devise/shared/_links.html.erb (Duration: 0.9ms | Allocations: 806)
  Rendered C:/Ruby30-x64/lib/ruby/gems/3.0.0/gems/devise-bootstrap-views-1.1.0/app/views/devise/sessions/new.html.erb within layouts/application (Duration: 7.6ms | Allocations: 4040)
[Webpacker] Everything's up-to-date. Nothing to do
  Rendered shared/_header.html.erb (Duration: 1.8ms | Allocations: 472)
  Rendered layout layouts/application.html.erb (Duration: 145.2ms | Allocations: 21445)
Completed 200 OK in 161ms (Views: 159.2ms | ActiveRecord: 0.0ms | Allocations: 25540)


Finished "/cable/" [WebSocket] for ::1 at 2022-03-06 16:49:45 +0900
RoomChannel stopped streaming from room_channel
Started POST "/users/sign_in" for ::1 at 2022-03-06 16:49:46 +0900
Processing by Devise::SessionsController#create as HTML
  Parameters: {"authenticity_token"=>"[FILTERED]", "user"=>{"email"=>"test1@example.com", "password"=>"[FILTERED]", "remember_me"=>"0"}, "commit"=>"ãƒ­ã‚°ã‚¤ãƒ³"}
  [1m[36mUser Load (0.3ms)[0m  [1m[34mSELECT "users".* FROM "users" WHERE "users"."email" = ? ORDER BY "users"."id" ASC LIMIT ?[0m  [["email", "test1@example.com"], ["LIMIT", 1]]
Redirected to http://localhost:3000/
Completed 302 Found in 226ms (ActiveRecord: 0.3ms | Allocations: 6041)


Started GET "/" for ::1 at 2022-03-06 16:49:47 +0900
Processing by RoomsController#show as HTML
  [1m[36mUser Load (0.2ms)[0m  [1m[34mSELECT "users".* FROM "users" WHERE "users"."id" = ? ORDER BY "users"."id" ASC LIMIT ?[0m  [["id", 1], ["LIMIT", 1]]
  Rendering layout layouts/application.html.erb
  Rendering rooms/show.html.erb within layouts/application
  [1m[36mMessage Load (0.2ms)[0m  [1m[34mSELECT "messages".* FROM "messages" ORDER BY "messages"."id" ASC[0m
  â†³ app/views/rooms/show.html.erb:2
  Rendered collection of templates [0 times] (Duration: 0.0ms | Allocations: 30)
  Rendered rooms/_footer.html.erb (Duration: 1.4ms | Allocations: 864)
  Rendered rooms/show.html.erb within layouts/application (Duration: 6.0ms | Allocations: 2602)
[Webpacker] Everything's up-to-date. Nothing to do
  Rendered shared/_header.html.erb (Duration: 0.2ms | Allocations: 149)
  Rendered layout layouts/application.html.erb (Duration: 61.9ms | Allocations: 10487)
Completed 200 OK in 88ms (Views: 68.1ms | ActiveRecord: 1.0ms | Allocations: 21423)


Started GET "/cable" for ::1 at 2022-03-06 16:49:47 +0900
Started GET "/cable/" [WebSocket] for ::1 at 2022-03-06 16:49:47 +0900
Successfully upgraded to WebSocket (REQUEST_METHOD: GET, HTTP_CONNECTION: Upgrade, HTTP_UPGRADE: websocket)
RoomChannel is transmitting the subscription confirmation
RoomChannel is streaming from room_channel
Started POST "/messages" for ::1 at 2022-03-06 16:49:54 +0900
Processing by MessagesController#create as JS
  Parameters: {"authenticity_token"=>"[FILTERED]", "message"=>{"content"=>"test"}, "commit"=>"é€ä¿¡"}
  [1m[36mUser Load (0.2ms)[0m  [1m[34mSELECT "users".* FROM "users" WHERE "users"."id" = ? ORDER BY "users"."id" ASC LIMIT ?[0m  [["id", 1], ["LIMIT", 1]]
  [1m[36mTRANSACTION (0.0ms)[0m  [1m[36mbegin transaction[0m
  â†³ app/controllers/messages_controller.rb:3:in `create'
  [1m[36mMessage Create (0.8ms)[0m  [1m[32mINSERT INTO "messages" ("user_id", "content", "created_at", "updated_at") VALUES (?, ?, ?, ?)[0m  [["user_id", 1], ["content", "test"], ["created_at", "2022-03-06 07:49:54.687882"], ["updated_at", "2022-03-06 07:49:54.687882"]]
  â†³ app/controllers/messages_controller.rb:3:in `create'
  [1m[36mTRANSACTION (2.9ms)[0m  [1m[36mcommit transaction[0m
  â†³ app/controllers/messages_controller.rb:3:in `create'
  Rendered messages/_message.html.erb (Duration: 1.3ms | Allocations: 654)
[ActionCable] Broadcasting to room_channel: {:message=>"<div class=\"message\" id=\"message-1\">\n  <p>test1@example.com: 2022å¹´3æœˆ6æ—¥(æ—¥) 16:49</p>\n  <p>test</p>\n</div>"}
  Rendering messages/create.js.erb
  Rendered messages/create.js.erb (Duration: 1.1ms | Allocations: 167)
Completed 200 OK in 37ms (Views: 14.7ms | ActiveRecord: 3.9ms | Allocations: 9269)


RoomChannel transmitting {"message"=>"<div class=\"message\" id=\"message-1\">\n  <p>test1@example.com: 2022å¹´3æœˆ6æ—¥(æ—¥) 16:49</p>\n  <p>test</p>\n</div>"} (via streamed from room_channel)
Started POST "/messages" for ::1 at 2022-03-06 16:50:00 +0900
Processing by MessagesController#create as JS
  Parameters: {"authenticity_token"=>"[FILTERED]", "message"=>{"content"=>"test2"}, "commit"=>"é€ä¿¡"}
  [1m[36mUser Load (0.5ms)[0m  [1m[34mSELECT "users".* FROM "users" WHERE "users"."id" = ? ORDER BY "users"."id" ASC LIMIT ?[0m  [["id", 1], ["LIMIT", 1]]
  [1m[36mTRANSACTION (0.1ms)[0m  [1m[36mbegin transaction[0m
  â†³ app/controllers/messages_controller.rb:3:in `create'
  [1m[36mMessage Create (1.0ms)[0m  [1m[32mINSERT INTO "messages" ("user_id", "content", "created_at", "updated_at") VALUES (?, ?, ?, ?)[0m  [["user_id", 1], ["content", "test2"], ["created_at", "2022-03-06 07:50:01.137595"], ["updated_at", "2022-03-06 07:50:01.137595"]]
  â†³ app/controllers/messages_controller.rb:3:in `create'
  [1m[36mTRANSACTION (2.2ms)[0m  [1m[36mcommit transaction[0m
  â†³ app/controllers/messages_controller.rb:3:in `create'
  Rendered messages/_message.html.erb (Duration: 4.5ms | Allocations: 302)
[ActionCable] Broadcasting to room_channel: {:message=>"<div class=\"message\" id=\"message-2\">\n  <p>test1@example.com: 2022å¹´3æœˆ6æ—¥(æ—¥) 16:50</p>\n  <p>test2</p>\n</div>"}
  Rendering messages/create.js.erb
  Rendered messages/create.js.erb (Duration: 0.3ms | Allocations: 38)
Completed 200 OK in 25ms (Views: 2.6ms | ActiveRecord: 3.8ms | Allocations: 5521)


RoomChannel transmitting {"message"=>"<div class=\"message\" id=\"message-2\">\n  <p>test1@example.com: 2022å¹´3æœˆ6æ—¥(æ—¥) 16:50</p>\n  <p>test2</p>\n</div>"} (via streamed from room_channel)
Started GET "/" for ::1 at 2022-03-06 16:50:07 +0900
Processing by RoomsController#show as HTML
  [1m[36mUser Load (0.2ms)[0m  [1m[34mSELECT "users".* FROM "users" WHERE "users"."id" = ? ORDER BY "users"."id" ASC LIMIT ?[0m  [["id", 1], ["LIMIT", 1]]
  Rendering layout layouts/application.html.erb
  Rendering rooms/show.html.erb within layouts/application
  [1m[36mMessage Load (0.2ms)[0m  [1m[34mSELECT "messages".* FROM "messages" ORDER BY "messages"."id" ASC[0m
  â†³ app/views/rooms/show.html.erb:2
  [1m[36mUser Load (0.3ms)[0m  [1m[34mSELECT "users".* FROM "users" WHERE "users"."id" = ?[0m  [["id", 1]]
  â†³ app/views/rooms/show.html.erb:2
  Rendered collection of messages/_message.html.erb [2 times] (Duration: 1.4ms | Allocations: 766)
  Rendered rooms/_footer.html.erb (Duration: 0.5ms | Allocations: 357)
  Rendered rooms/show.html.erb within layouts/application (Duration: 7.9ms | Allocations: 3761)
[Webpacker] Everything's up-to-date. Nothing to do
  Rendered shared/_header.html.erb (Duration: 0.2ms | Allocations: 122)
  Rendered layout layouts/application.html.erb (Duration: 64.8ms | Allocations: 11608)
Completed 200 OK in 70ms (Views: 65.1ms | ActiveRecord: 0.6ms | Allocations: 13560)


Started GET "/cable" for 127.0.0.1 at 2022-03-06 16:51:21 +0900
  [1m[35m (1.0ms)[0m  [1m[34mSELECT sqlite_version(*)[0m
  [1m[35m (0.4ms)[0m  [1m[34mSELECT "schema_migrations"."version" FROM "schema_migrations" ORDER BY "schema_migrations"."version" ASC[0m
Started GET "/cable/" [WebSocket] for 127.0.0.1 at 2022-03-06 16:51:22 +0900
Successfully upgraded to WebSocket (REQUEST_METHOD: GET, HTTP_CONNECTION: Upgrade, HTTP_UPGRADE: websocket)
RoomChannel is transmitting the subscription confirmation
RoomChannel is streaming from room_channel
RoomChannel is transmitting the subscription confirmation
RoomChannel is streaming from room_channel
Started GET "/" for ::1 at 2022-03-06 16:51:24 +0900
Processing by RoomsController#show as HTML
  [1m[36mUser Load (0.3ms)[0m  [1m[34mSELECT "users".* FROM "users" WHERE "users"."id" = ? ORDER BY "users"."id" ASC LIMIT ?[0m  [["id", 1], ["LIMIT", 1]]
  Rendering layout layouts/application.html.erb
  Rendering rooms/show.html.erb within layouts/application
  [1m[36mMessage Load (0.2ms)[0m  [1m[34mSELECT "messages".* FROM "messages" ORDER BY "messages"."id" ASC[0m
  â†³ app/views/rooms/show.html.erb:2
  [1m[36mUser Load (0.3ms)[0m  [1m[34mSELECT "users".* FROM "users" WHERE "users"."id" = ?[0m  [["id", 1]]
  â†³ app/views/rooms/show.html.erb:2
  Rendered collection of messages/_message.html.erb [2 times] (Duration: 936.7ms | Allocations: 322820)
  Rendered rooms/_footer.html.erb (Duration: 1.9ms | Allocations: 1073)
  Rendered rooms/show.html.erb within layouts/application (Duration: 949.7ms | Allocations: 327605)
[Webpacker] Everything's up-to-date. Nothing to do
  Rendered shared/_header.html.erb (Duration: 1.5ms | Allocations: 437)
  Rendered layout layouts/application.html.erb (Duration: 1098.5ms | Allocations: 344978)
Completed 200 OK in 1150ms (Views: 1108.0ms | ActiveRecord: 2.3ms | Allocations: 364172)


Finished "/cable/" [WebSocket] for 127.0.0.1 at 2022-03-06 16:51:26 +0900
RoomChannel stopped streaming from room_channel
Started GET "/cable" for ::1 at 2022-03-06 16:51:26 +0900
Started GET "/cable/" [WebSocket] for ::1 at 2022-03-06 16:51:26 +0900
Successfully upgraded to WebSocket (REQUEST_METHOD: GET, HTTP_CONNECTION: Upgrade, HTTP_UPGRADE: websocket)
RoomChannel is transmitting the subscription confirmation
RoomChannel is streaming from room_channel
Started GET "/" for ::1 at 2022-03-06 16:51:28 +0900
Processing by RoomsController#show as HTML
  [1m[36mUser Load (0.2ms)[0m  [1m[34mSELECT "users".* FROM "users" WHERE "users"."id" = ? ORDER BY "users"."id" ASC LIMIT ?[0m  [["id", 1], ["LIMIT", 1]]
  Rendering layout layouts/application.html.erb
  Rendering rooms/show.html.erb within layouts/application
  [1m[36mMessage Load (0.2ms)[0m  [1m[34mSELECT "messages".* FROM "messages" ORDER BY "messages"."id" ASC[0m
  â†³ app/views/rooms/show.html.erb:2
  [1m[36mUser Load (0.2ms)[0m  [1m[34mSELECT "users".* FROM "users" WHERE "users"."id" = ?[0m  [["id", 1]]
  â†³ app/views/rooms/show.html.erb:2
  Rendered collection of messages/_message.html.erb [2 times] (Duration: 1.3ms | Allocations: 555)
  Rendered rooms/_footer.html.erb (Duration: 0.6ms | Allocations: 336)
  Rendered rooms/show.html.erb within layouts/application (Duration: 9.2ms | Allocations: 2834)
[Webpacker] Everything's up-to-date. Nothing to do
  Rendered shared/_header.html.erb (Duration: 0.2ms | Allocations: 122)
  Rendered layout layouts/application.html.erb (Duration: 75.9ms | Allocations: 10656)
Completed 200 OK in 84ms (Views: 76.5ms | ActiveRecord: 0.6ms | Allocations: 12882)


Finished "/cable/" [WebSocket] for ::1 at 2022-03-06 16:51:28 +0900
RoomChannel stopped streaming from room_channel
Started GET "/cable" for ::1 at 2022-03-06 16:51:28 +0900
Started GET "/cable/" [WebSocket] for ::1 at 2022-03-06 16:51:28 +0900
Successfully upgraded to WebSocket (REQUEST_METHOD: GET, HTTP_CONNECTION: Upgrade, HTTP_UPGRADE: websocket)
RoomChannel is transmitting the subscription confirmation
RoomChannel is streaming from room_channel
Started DELETE "/users/sign_out" for ::1 at 2022-03-06 16:51:28 +0900
Processing by Devise::SessionsController#destroy as HTML
  Parameters: {"authenticity_token"=>"[FILTERED]"}
  [1m[36mUser Load (0.2ms)[0m  [1m[34mSELECT "users".* FROM "users" WHERE "users"."id" = ? ORDER BY "users"."id" ASC LIMIT ?[0m  [["id", 1], ["LIMIT", 1]]
Redirected to http://localhost:3000/
Completed 302 Found in 6ms (ActiveRecord: 0.2ms | Allocations: 3446)


Started GET "/" for ::1 at 2022-03-06 16:51:29 +0900
Processing by RoomsController#show as HTML
Completed 401 Unauthorized in 2ms (ActiveRecord: 0.0ms | Allocations: 368)


Started GET "/users/sign_in" for ::1 at 2022-03-06 16:51:29 +0900
Processing by Devise::SessionsController#new as HTML
  Rendering layout layouts/application.html.erb
  Rendering C:/Ruby30-x64/lib/ruby/gems/3.0.0/gems/devise-bootstrap-views-1.1.0/app/views/devise/sessions/new.html.erb within layouts/application
  Rendered C:/Ruby30-x64/lib/ruby/gems/3.0.0/gems/devise-bootstrap-views-1.1.0/app/views/devise/shared/_links.html.erb (Duration: 1.2ms | Allocations: 785)
  Rendered C:/Ruby30-x64/lib/ruby/gems/3.0.0/gems/devise-bootstrap-views-1.1.0/app/views/devise/sessions/new.html.erb within layouts/application (Duration: 9.4ms | Allocations: 3662)
[Webpacker] Everything's up-to-date. Nothing to do
  Rendered shared/_header.html.erb (Duration: 0.3ms | Allocations: 187)
  Rendered layout layouts/application.html.erb (Duration: 66.1ms | Allocations: 11668)
Completed 200 OK in 80ms (Views: 78.5ms | ActiveRecord: 0.0ms | Allocations: 14339)


Finished "/cable/" [WebSocket] for ::1 at 2022-03-06 16:51:29 +0900
RoomChannel stopped streaming from room_channel
Started POST "/users/sign_in" for ::1 at 2022-03-06 16:51:30 +0900
Processing by Devise::SessionsController#create as HTML
  Parameters: {"authenticity_token"=>"[FILTERED]", "user"=>{"email"=>"test1@example.com", "password"=>"[FILTERED]", "remember_me"=>"0"}, "commit"=>"ãƒ­ã‚°ã‚¤ãƒ³"}
  [1m[36mUser Load (0.3ms)[0m  [1m[34mSELECT "users".* FROM "users" WHERE "users"."email" = ? ORDER BY "users"."id" ASC LIMIT ?[0m  [["email", "test1@example.com"], ["LIMIT", 1]]
Redirected to http://localhost:3000/
Completed 302 Found in 232ms (ActiveRecord: 0.3ms | Allocations: 5685)


Started GET "/" for ::1 at 2022-03-06 16:51:31 +0900
Processing by RoomsController#show as HTML
  [1m[36mUser Load (0.2ms)[0m  [1m[34mSELECT "users".* FROM "users" WHERE "users"."id" = ? ORDER BY "users"."id" ASC LIMIT ?[0m  [["id", 1], ["LIMIT", 1]]
  Rendering layout layouts/application.html.erb
  Rendering rooms/show.html.erb within layouts/application
  [1m[36mMessage Load (0.1ms)[0m  [1m[34mSELECT "messages".* FROM "messages" ORDER BY "messages"."id" ASC[0m
  â†³ app/views/rooms/show.html.erb:2
  [1m[36mUser Load (0.1ms)[0m  [1m[34mSELECT "users".* FROM "users" WHERE "users"."id" = ?[0m  [["id", 1]]
  â†³ app/views/rooms/show.html.erb:2
  Rendered collection of messages/_message.html.erb [2 times] (Duration: 0.8ms | Allocations: 555)
  Rendered rooms/_footer.html.erb (Duration: 0.9ms | Allocations: 343)
  Rendered rooms/show.html.erb within layouts/application (Duration: 6.5ms | Allocations: 2841)
[Webpacker] Everything's up-to-date. Nothing to do
  Rendered shared/_header.html.erb (Duration: 0.2ms | Allocations: 122)
  Rendered layout layouts/application.html.erb (Duration: 59.7ms | Allocations: 10661)
Completed 200 OK in 63ms (Views: 60.2ms | ActiveRecord: 0.4ms | Allocations: 12842)


Started GET "/cable" for ::1 at 2022-03-06 16:51:31 +0900
Started GET "/cable/" [WebSocket] for ::1 at 2022-03-06 16:51:31 +0900
Successfully upgraded to WebSocket (REQUEST_METHOD: GET, HTTP_CONNECTION: Upgrade, HTTP_UPGRADE: websocket)
RoomChannel is transmitting the subscription confirmation
RoomChannel is streaming from room_channel
